1513954077529	geckodriver	INFO	Listening on 127.0.0.1:11457
1513954083223	geckodriver::marionette	INFO	Starting browser C:\Program Files (x86)\Mozilla Firefox\firefox.exe with args ["-marionette"]
1513954084535	addons.manager	DEBUG	Application has been upgraded
1513954084866	addons.manager	DEBUG	Loaded provider scope for resource://gre/modules/addons/XPIProvider.jsm: ["XPIProvider"]
1513954084876	addons.manager	DEBUG	Loaded provider scope for resource://gre/modules/LightweightThemeManager.jsm: ["LightweightThemeManager"]
1513954084889	addons.manager	DEBUG	Loaded provider scope for resource://gre/modules/addons/GMPProvider.jsm
1513954084894	addons.manager	DEBUG	Loaded provider scope for resource://gre/modules/addons/PluginProvider.jsm
1513954084896	addons.manager	DEBUG	Starting provider: XPIProvider
1513954084897	addons.xpi	DEBUG	startup
1513954084898	addons.xpi	INFO	Removing all system add-on upgrades.
1513954084899	addons.xpi	INFO	SystemAddonInstallLocation directory is missing
1513954084902	addons.xpi	INFO	Mapping aushelper@mozilla.org to C:\Program Files (x86)\Mozilla Firefox\browser\features\aushelper@mozilla.org.xpi
1513954084903	addons.xpi	INFO	Mapping e10srollout@mozilla.org to C:\Program Files (x86)\Mozilla Firefox\browser\features\e10srollout@mozilla.org.xpi
1513954084904	addons.xpi	INFO	Mapping firefox@getpocket.com to C:\Program Files (x86)\Mozilla Firefox\browser\features\firefox@getpocket.com.xpi
1513954084904	addons.xpi	INFO	Mapping screenshots@mozilla.org to C:\Program Files (x86)\Mozilla Firefox\browser\features\screenshots@mozilla.org.xpi
1513954084905	addons.xpi	INFO	Mapping webcompat@mozilla.org to C:\Program Files (x86)\Mozilla Firefox\browser\features\webcompat@mozilla.org.xpi
1513954084907	addons.xpi	INFO	Mapping {972ce4c6-7e08-4474-a285-3208198ce6fd} to C:\Program Files (x86)\Mozilla Firefox\browser\extensions\{972ce4c6-7e08-4474-a285-3208198ce6fd}.xpi
1513954084908	addons.xpi	DEBUG	checkForChanges
1513954084909	addons.xpi	INFO	SystemAddonInstallLocation directory is missing
1513954084910	addons.xpi	DEBUG	Loaded add-on state from prefs: {}
1513954084911	addons.xpi	DEBUG	New add-on aushelper@mozilla.org in app-system-defaults
1513954084913	addons.xpi	DEBUG	getModTime: Recursive scan of aushelper@mozilla.org
1513954084915	addons.xpi	DEBUG	New add-on e10srollout@mozilla.org in app-system-defaults
1513954084916	addons.xpi	DEBUG	getModTime: Recursive scan of e10srollout@mozilla.org
1513954084917	addons.xpi	DEBUG	New add-on firefox@getpocket.com in app-system-defaults
1513954084918	addons.xpi	DEBUG	getModTime: Recursive scan of firefox@getpocket.com
1513954084920	addons.xpi	DEBUG	New add-on screenshots@mozilla.org in app-system-defaults
1513954084920	addons.xpi	DEBUG	getModTime: Recursive scan of screenshots@mozilla.org
1513954084921	addons.xpi	DEBUG	New add-on webcompat@mozilla.org in app-system-defaults
1513954084922	addons.xpi	DEBUG	getModTime: Recursive scan of webcompat@mozilla.org
1513954084924	addons.xpi	DEBUG	New add-on {972ce4c6-7e08-4474-a285-3208198ce6fd} in app-global
1513954084924	addons.xpi	DEBUG	getModTime: Recursive scan of {972ce4c6-7e08-4474-a285-3208198ce6fd}
1513954084925	addons.xpi	DEBUG	getInstallState changed: true, state: {"app-system-defaults":{"aushelper@mozilla.org":{"d":"C:\\Program Files (x86)\\Mozilla Firefox\\browser\\features\\aushelper@mozilla.org.xpi","st":1496949712000},"e10srollout@mozilla.org":{"d":"C:\\Program Files (x86)\\Mozilla Firefox\\browser\\features\\e10srollout@mozilla.org.xpi","st":1496949712000},"firefox@getpocket.com":{"d":"C:\\Program Files (x86)\\Mozilla Firefox\\browser\\features\\firefox@getpocket.com.xpi","st":1496949713000},"screenshots@mozilla.org":{"d":"C:\\Program Files (x86)\\Mozilla Firefox\\browser\\features\\screenshots@mozilla.org.xpi","st":1496949713000},"webcompat@mozilla.org":{"d":"C:\\Program Files (x86)\\Mozilla Firefox\\browser\\features\\webcompat@mozilla.org.xpi","st":1496949712000}},"app-global":{"{972ce4c6-7e08-4474-a285-3208198ce6fd}":{"d":"C:\\Program Files (x86)\\Mozilla Firefox\\browser\\extensions\\{972ce4c6-7e08-4474-a285-3208198ce6fd}.xpi","st":1496949712000}}}
1513954084947	addons.xpi-utils	DEBUG	Opening XPI database C:\Users\abc\AppData\Local\Temp\rust_mozprofile.1OGL01pR7MOl\extensions.json
1513954084951	addons.xpi-utils	DEBUG	New add-on aushelper@mozilla.org installed in app-system-defaults
*** Blocklist::_loadBlocklistFromFile: blocklist is disabled
1513954084978	DeferredSave.extensions.json	DEBUG	Save changes
1513954084979	addons.xpi-utils	DEBUG	New add-on e10srollout@mozilla.org installed in app-system-defaults
1513954084987	DeferredSave.extensions.json	DEBUG	Starting timer
1513954084992	DeferredSave.extensions.json	DEBUG	Save changes
1513954084992	addons.xpi-utils	DEBUG	New add-on firefox@getpocket.com installed in app-system-defaults
1513954085011	DeferredSave.extensions.json	DEBUG	Save changes
1513954085012	addons.xpi-utils	DEBUG	New add-on screenshots@mozilla.org installed in app-system-defaults
1513954085030	DeferredSave.extensions.json	DEBUG	Save changes
1513954085033	addons.xpi-utils	DEBUG	New add-on webcompat@mozilla.org installed in app-system-defaults
1513954085045	DeferredSave.extensions.json	DEBUG	Save changes
1513954085045	addons.xpi-utils	DEBUG	New add-on {972ce4c6-7e08-4474-a285-3208198ce6fd} installed in app-global
1513954085057	DeferredSave.extensions.json	DEBUG	Save changes
1513954085059	addons.manager	DEBUG	Registering startup change 'installed' for aushelper@mozilla.org
1513954085084	addons.xpi	DEBUG	Loading bootstrap scope from C:\Program Files (x86)\Mozilla Firefox\browser\features\aushelper@mozilla.org.xpi
1513954085097	addons.xpi	DEBUG	Calling bootstrap method install on aushelper@mozilla.org version 2.0
1513954085098	addons.xpi-utils	DEBUG	Make addon app-system-defaults:aushelper@mozilla.org visible
1513954085099	DeferredSave.extensions.json	DEBUG	Save changes
1513954085100	addons.manager	DEBUG	Registering startup change 'installed' for e10srollout@mozilla.org
1513954085102	addons.xpi	DEBUG	Loading bootstrap scope from C:\Program Files (x86)\Mozilla Firefox\browser\features\e10srollout@mozilla.org.xpi
1513954085110	addons.xpi	DEBUG	Calling bootstrap method install on e10srollout@mozilla.org version 1.50
1513954085113	addons.xpi-utils	DEBUG	Make addon app-system-defaults:e10srollout@mozilla.org visible
1513954085114	DeferredSave.extensions.json	DEBUG	Save changes
1513954085115	addons.manager	DEBUG	Registering startup change 'installed' for firefox@getpocket.com
1513954085116	addons.xpi	DEBUG	Loading bootstrap scope from C:\Program Files (x86)\Mozilla Firefox\browser\features\firefox@getpocket.com.xpi
1513954085126	addons.xpi	DEBUG	Calling bootstrap method install on firefox@getpocket.com version 1.0.5
1513954085127	addons.xpi-utils	DEBUG	Make addon app-system-defaults:firefox@getpocket.com visible
1513954085128	DeferredSave.extensions.json	DEBUG	Save changes
1513954085128	addons.manager	DEBUG	Registering startup change 'installed' for screenshots@mozilla.org
1513954085129	addons.xpi	DEBUG	Loading bootstrap scope from C:\Program Files (x86)\Mozilla Firefox\browser\features\screenshots@mozilla.org.xpi
1513954085137	addons.xpi	DEBUG	Calling bootstrap method install on screenshots@mozilla.org version 6.6.0
1513954085137	addons.xpi-utils	DEBUG	Make addon app-system-defaults:screenshots@mozilla.org visible
1513954085138	DeferredSave.extensions.json	DEBUG	Save changes
1513954085139	addons.manager	DEBUG	Registering startup change 'installed' for webcompat@mozilla.org
1513954085140	addons.xpi	DEBUG	Loading bootstrap scope from C:\Program Files (x86)\Mozilla Firefox\browser\features\webcompat@mozilla.org.xpi
1513954085146	addons.xpi	DEBUG	Calling bootstrap method install on webcompat@mozilla.org version 1.1
1513954085146	addons.xpi-utils	DEBUG	Make addon app-system-defaults:webcompat@mozilla.org visible
1513954085148	DeferredSave.extensions.json	DEBUG	Save changes
1513954085148	addons.xpi-utils	DEBUG	Make addon app-global:{972ce4c6-7e08-4474-a285-3208198ce6fd} visible
1513954085149	DeferredSave.extensions.json	DEBUG	Save changes
1513954085150	addons.xpi	DEBUG	Updating XPIState for {"id":"aushelper@mozilla.org","syncGUID":"{6af1f43c-3600-4de2-8574-b525b809cb49}","location":"app-system-defaults","version":"2.0","type":"extension","internalName":null,"updateURL":null,"updateKey":null,"optionsURL":null,"optionsType":null,"aboutURL":null,"icons":{},"iconURL":null,"icon64URL":null,"defaultLocale":{"name":"Application Update Service Helper","description":"Sets value(s) in the update url based on custom checks.","creator":null,"homepageURL":null},"visible":true,"active":true,"userDisabled":false,"appDisabled":false,"descriptor":"C:\\Program Files (x86)\\Mozilla Firefox\\browser\\features\\aushelper@mozilla.org.xpi","installDate":1496949712000,"updateDate":1496949712000,"applyBackgroundUpdates":1,"bootstrap":true,"skinnable":false,"size":8486,"sourceURI":null,"releaseNotesURI":null,"softDisabled":false,"foreignInstall":false,"hasBinaryComponents":false,"strictCompatibility":false,"locales":[],"targetApplications":[{"id":"{ec8030f7-c20a-464f-9b0e-13a3a9e97384}","minVersion":"54.0","maxVersion":"54.*"}],"targetPlatforms":[],"multiprocessCompatible":true,"seen":true,"dependencies":[],"hasEmbeddedWebExtension":false,"mpcOptedOut":false,"userPermissions":null}
1513954085150	addons.xpi	DEBUG	getModTime: Recursive scan of aushelper@mozilla.org
1513954085152	addons.xpi	DEBUG	Updating XPIState for {"id":"e10srollout@mozilla.org","syncGUID":"{94949e49-2aac-4200-958c-730563f60024}","location":"app-system-defaults","version":"1.50","type":"extension","internalName":null,"updateURL":null,"updateKey":null,"optionsURL":null,"optionsType":null,"aboutURL":null,"icons":{},"iconURL":null,"icon64URL":null,"defaultLocale":{"name":"Multi-process staged rollout","description":"Staged rollout of Firefox multi-process feature.","creator":null,"homepageURL":null},"visible":true,"active":true,"userDisabled":false,"appDisabled":false,"descriptor":"C:\\Program Files (x86)\\Mozilla Firefox\\browser\\features\\e10srollout@mozilla.org.xpi","installDate":1496949712000,"updateDate":1496949712000,"applyBackgroundUpdates":1,"bootstrap":true,"skinnable":false,"size":12517,"sourceURI":null,"releaseNotesURI":null,"softDisabled":false,"foreignInstall":false,"hasBinaryComponents":false,"strictCompatibility":false,"locales":[],"targetApplications":[{"id":"{ec8030f7-c20a-464f-9b0e-13a3a9e97384}","minVersion":"54.0","maxVersion":"54.*"}],"targetPlatforms":[],"multiprocessCompatible":true,"seen":true,"dependencies":[],"hasEmbeddedWebExtension":false,"mpcOptedOut":false,"userPermissions":null}
1513954085153	addons.xpi	DEBUG	getModTime: Recursive scan of e10srollout@mozilla.org
1513954085154	addons.xpi	DEBUG	Updating XPIState for {"id":"firefox@getpocket.com","syncGUID":"{9a65c1ce-e42d-4902-a280-202f4dff145f}","location":"app-system-defaults","version":"1.0.5","type":"extension","internalName":null,"updateURL":null,"updateKey":null,"optionsURL":null,"optionsType":null,"aboutURL":null,"icons":{},"iconURL":null,"icon64URL":null,"defaultLocale":{"name":"Pocket","description":"When you find something you want to view later, put it in Pocket.","creator":null,"homepageURL":null},"visible":true,"active":true,"userDisabled":false,"appDisabled":false,"descriptor":"C:\\Program Files (x86)\\Mozilla Firefox\\browser\\features\\firefox@getpocket.com.xpi","installDate":1496949713000,"updateDate":1496949713000,"applyBackgroundUpdates":1,"bootstrap":true,"skinnable":false,"size":913904,"sourceURI":null,"releaseNotesURI":null,"softDisabled":false,"foreignInstall":false,"hasBinaryComponents":false,"strictCompatibility":false,"locales":[],"targetApplications":[{"id":"{ec8030f7-c20a-464f-9b0e-13a3a9e97384}","minVersion":"54.0","maxVersion":"54.*"}],"targetPlatforms":[],"multiprocessCompatible":true,"seen":true,"dependencies":[],"hasEmbeddedWebExtension":false,"mpcOptedOut":false,"userPermissions":null}
1513954085154	addons.xpi	DEBUG	getModTime: Recursive scan of firefox@getpocket.com
1513954085155	addons.xpi	DEBUG	Updating XPIState for {"id":"screenshots@mozilla.org","syncGUID":"{5ceefcfe-0e1b-4a8b-95f1-df756ce24f80}","location":"app-system-defaults","version":"6.6.0","type":"extension","internalName":null,"updateURL":null,"updateKey":null,"optionsURL":null,"optionsType":null,"aboutURL":null,"icons":{},"iconURL":null,"icon64URL":null,"defaultLocale":{"name":"Firefox Screenshots","description":null,"creator":null,"homepageURL":"https://pageshot.net/"},"visible":true,"active":true,"userDisabled":false,"appDisabled":false,"descriptor":"C:\\Program Files (x86)\\Mozilla Firefox\\browser\\features\\screenshots@mozilla.org.xpi","installDate":1496949713000,"updateDate":1496949713000,"applyBackgroundUpdates":1,"bootstrap":true,"skinnable":false,"size":716271,"sourceURI":null,"releaseNotesURI":null,"softDisabled":false,"foreignInstall":false,"hasBinaryComponents":false,"strictCompatibility":false,"locales":[],"targetApplications":[{"id":"{ec8030f7-c20a-464f-9b0e-13a3a9e97384}","minVersion":"51.0a1","maxVersion":"*"}],"targetPlatforms":[],"multiprocessCompatible":true,"seen":true,"dependencies":[],"hasEmbeddedWebExtension":false,"mpcOptedOut":false,"userPermissions":null}
1513954085156	addons.xpi	DEBUG	getModTime: Recursive scan of screenshots@mozilla.org
1513954085157	addons.xpi	DEBUG	Updating XPIState for {"id":"webcompat@mozilla.org","syncGUID":"{43685461-0f43-48b3-8b06-4bfd6f9d31d8}","location":"app-system-defaults","version":"1.1","type":"extension","internalName":null,"updateURL":null,"updateKey":null,"optionsURL":null,"optionsType":null,"aboutURL":null,"icons":{},"iconURL":null,"icon64URL":null,"defaultLocale":{"name":"Web Compat","description":"Urgent post-release fixes for web compatibility.","creator":null,"homepageURL":null},"visible":true,"active":true,"userDisabled":false,"appDisabled":false,"descriptor":"C:\\Program Files (x86)\\Mozilla Firefox\\browser\\features\\webcompat@mozilla.org.xpi","installDate":1496949712000,"updateDate":1496949712000,"applyBackgroundUpdates":1,"bootstrap":true,"skinnable":false,"size":9004,"sourceURI":null,"releaseNotesURI":null,"softDisabled":false,"foreignInstall":false,"hasBinaryComponents":false,"strictCompatibility":false,"locales":[],"targetApplications":[{"id":"{ec8030f7-c20a-464f-9b0e-13a3a9e97384}","minVersion":"54.0","maxVersion":"54.*"}],"targetPlatforms":[],"multiprocessCompatible":true,"seen":true,"dependencies":[],"hasEmbeddedWebExtension":false,"mpcOptedOut":false,"userPermissions":null}
1513954085157	addons.xpi	DEBUG	getModTime: Recursive scan of webcompat@mozilla.org
1513954085159	addons.xpi	DEBUG	Updating XPIState for {"id":"{972ce4c6-7e08-4474-a285-3208198ce6fd}","syncGUID":"{11f29447-3ae1-4e27-afed-a9ff7bdbc7b0}","location":"app-global","version":"54.0","type":"theme","internalName":"classic/1.0","updateURL":null,"updateKey":null,"optionsURL":null,"optionsType":null,"aboutURL":null,"icons":{},"iconURL":"chrome://browser/content/default-theme-icon.svg","icon64URL":null,"defaultLocale":{"name":"Default","description":"The default theme.","creator":"Mozilla","homepageURL":null,"contributors":["Mozilla Contributors"]},"visible":true,"active":true,"userDisabled":false,"appDisabled":false,"descriptor":"C:\\Program Files (x86)\\Mozilla Firefox\\browser\\extensions\\{972ce4c6-7e08-4474-a285-3208198ce6fd}.xpi","installDate":1496949712000,"updateDate":1496949712000,"applyBackgroundUpdates":1,"skinnable":true,"size":8201,"sourceURI":null,"releaseNotesURI":null,"softDisabled":false,"foreignInstall":false,"hasBinaryComponents":false,"strictCompatibility":true,"locales":[],"targetApplications":[{"id":"{ec8030f7-c20a-464f-9b0e-13a3a9e97384}","minVersion":"54.0","maxVersion":"54.0"}],"targetPlatforms":[],"seen":true,"dependencies":[],"hasEmbeddedWebExtension":false,"userPermissions":null}
1513954085160	addons.xpi	DEBUG	getModTime: Recursive scan of {972ce4c6-7e08-4474-a285-3208198ce6fd}
1513954085162	DeferredSave.extensions.json	DEBUG	Save changes
1513954085163	addons.xpi	DEBUG	Updating database with changes to installed add-ons
1513954085163	addons.xpi-utils	DEBUG	Updating add-on states
1513954085165	addons.xpi-utils	DEBUG	Writing add-ons list
1513954085174	addons.xpi	DEBUG	Registering manifest for C:\Program Files (x86)\Mozilla Firefox\browser\features\aushelper@mozilla.org.xpi
1513954085176	addons.xpi	DEBUG	Calling bootstrap method startup on aushelper@mozilla.org version 2.0
1513954085179	addons.xpi	DEBUG	Registering manifest for C:\Program Files (x86)\Mozilla Firefox\browser\features\e10srollout@mozilla.org.xpi
1513954085181	addons.xpi	DEBUG	Calling bootstrap method startup on e10srollout@mozilla.org version 1.50
1513954085182	addons.xpi	DEBUG	Registering manifest for C:\Program Files (x86)\Mozilla Firefox\browser\features\firefox@getpocket.com.xpi
1513954085185	addons.xpi	DEBUG	Calling bootstrap method startup on firefox@getpocket.com version 1.0.5
1513954085187	addons.xpi	DEBUG	Registering manifest for C:\Program Files (x86)\Mozilla Firefox\browser\features\screenshots@mozilla.org.xpi
1513954085188	addons.xpi	DEBUG	Calling bootstrap method startup on screenshots@mozilla.org version 6.6.0
1513954085190	addons.xpi	DEBUG	Registering manifest for C:\Program Files (x86)\Mozilla Firefox\browser\features\webcompat@mozilla.org.xpi
1513954085192	addons.xpi	DEBUG	Calling bootstrap method startup on webcompat@mozilla.org version 1.1
1513954085236	addons.manager	DEBUG	Registering shutdown blocker for XPIProvider
1513954085239	addons.manager	DEBUG	Provider finished startup: XPIProvider
1513954085240	addons.manager	DEBUG	Starting provider: LightweightThemeManager
1513954085240	addons.manager	DEBUG	Registering shutdown blocker for LightweightThemeManager
1513954085240	addons.manager	DEBUG	Provider finished startup: LightweightThemeManager
1513954085242	addons.manager	DEBUG	Starting provider: GMPProvider
1513954085253	addons.manager	DEBUG	Registering shutdown blocker for GMPProvider
1513954085254	addons.manager	DEBUG	Provider finished startup: GMPProvider
1513954085254	addons.manager	DEBUG	Starting provider: PluginProvider
1513954085255	addons.manager	DEBUG	Registering shutdown blocker for PluginProvider
1513954085255	addons.manager	DEBUG	Provider finished startup: PluginProvider
1513954085256	addons.manager	DEBUG	Completed startup sequence
1513954090488	addons.manager	DEBUG	Starting provider: <unnamed-provider>
1513954090489	addons.manager	DEBUG	Registering shutdown blocker for <unnamed-provider>
1513954090489	addons.manager	DEBUG	Provider finished startup: <unnamed-provider>
1513954090594	addons.manager	DEBUG	Starting provider: PreviousExperimentProvider
1513954090594	addons.manager	DEBUG	Registering shutdown blocker for PreviousExperimentProvider
1513954090595	addons.manager	DEBUG	Provider finished startup: PreviousExperimentProvider
1513954090623	DeferredSave.extensions.json	DEBUG	Starting write
1513954091099	DeferredSave.extensions.json	DEBUG	Write succeeded
1513954091102	addons.xpi-utils	DEBUG	XPI Database saved, setting schema version preference to 19
1513954094133	Marionette	INFO	Listening on port 11471
[GPU 3352] WARNING: pipe error: 109: file c:/builds/moz2_slave/m-rel-w32-00000000000000000000/build/src/ipc/chromium/src/chrome/common/ipc_channel_win.cc, line 346
1513954094823	Marionette	WARN	TLS certificate errors will be ignored for this session
1513954094936	Marionette	DEBUG	loaded listener.js
1513954095067	Marionette	DEBUG	Received DOM event "beforeunload" for "about:blank"
1513954095896	Marionette	DEBUG	Received DOM event "pagehide" for "about:blank"
1513954095897	Marionette	DEBUG	Received DOM event "unload" for "about:blank"
1513954096384	Marionette	DEBUG	Received DOM event "DOMContentLoaded" for "https://web.whatsapp.com/"
1513954101238	Marionette	DEBUG	Received DOM event "pageshow" for "https://web.whatsapp.com/"
1513954101706	Marionette	DEBUG	Received DOM event "beforeunload" for "https://web.whatsapp.com/"
JavaScript error: , line 0: uncaught exception: No ServiceWorker controlling this client.
1513954102291	Marionette	DEBUG	Received DOM event "pagehide" for "https://web.whatsapp.com/"
1513954102294	Marionette	DEBUG	Received DOM event "unload" for "https://web.whatsapp.com/"
1513954102493	Marionette	DEBUG	Received DOM event "DOMContentLoaded" for "https://web.whatsapp.com/"
1513954107158	Marionette	DEBUG	Received DOM event "pageshow" for "https://web.whatsapp.com/"
JavaScript error: , line 0: uncaught exception: No ServiceWorker controlling this client.
1513954153147	addons.productaddons	INFO	sending request to: https://aus5.mozilla.org/update/3/GMP/54.0/20170608105825/WINNT_x86-msvc-x64/en-US/release/Windows_NT%206.3.0.0%20(x64)/default/default/update.xml
1513954154195	addons.productaddons	INFO	Completed downloading document
1513954154831	addons.productaddons	INFO	downloadXHR File download. status=200
1513954154840	addons.productaddons	INFO	Downloaded file will be saved to C:\Users\abc\AppData\Local\Temp\tmpaddon-f8ba89
1513954157144	addons.productaddons	INFO	downloadXHR File download. status=200
1513954157151	addons.productaddons	INFO	Downloaded file will be saved to C:\Users\abc\AppData\Local\Temp\tmpaddon-c5fc2e
1513954579695	addons.xpi	DEBUG	Calling bootstrap method shutdown on webcompat@mozilla.org version 1.1
1513954579697	addons.xpi	DEBUG	Calling bootstrap method shutdown on screenshots@mozilla.org version 6.6.0
1513954579700	addons.xpi	DEBUG	Calling bootstrap method shutdown on firefox@getpocket.com version 1.0.5
1513954579704	addons.xpi	DEBUG	Calling bootstrap method shutdown on e10srollout@mozilla.org version 1.50
1513954579705	addons.xpi	DEBUG	Calling bootstrap method shutdown on aushelper@mozilla.org version 2.0
[GPU 3352] WARNING: pipe error: 109: file c:/builds/moz2_slave/m-rel-w32-00000000000000000000/build/src/ipc/chromium/src/chrome/common/ipc_channel_win.cc, line 346
[Child 6432] WARNING: pipe error: 109: file c:/builds/moz2_slave/m-rel-w32-00000000000000000000/build/src/ipc/chromium/src/chrome/common/ipc_channel_win.cc, line 346
[GPU 3352] WARNING: pipe error: 109: file c:/builds/moz2_slave/m-rel-w32-00000000000000000000/build/src/ipc/chromium/src/chrome/common/ipc_channel_win.cc, line 346
1513954580099	addons.manager	DEBUG	shutdown
1513954580100	addons.manager	DEBUG	Calling shutdown blocker for XPIProvider
1513954580101	addons.xpi	DEBUG	shutdown
1513954580101	addons.xpi-utils	DEBUG	shutdown
1513954580104	addons.manager	DEBUG	Calling shutdown blocker for LightweightThemeManager
1513954580106	addons.manager	DEBUG	Calling shutdown blocker for GMPProvider
1513954580110	addons.manager	DEBUG	Calling shutdown blocker for PluginProvider
1513954580111	addons.manager	DEBUG	Calling shutdown blocker for <unnamed-provider>
1513954580114	addons.manager	DEBUG	Calling shutdown blocker for PreviousExperimentProvider
1513954580121	addons.xpi	DEBUG	Notifying XPI shutdown observers
1513954580130	addons.manager	DEBUG	Async provider shutdown done
1513954580453	Marionette	INFO	Ceased listening

###!!! [Child][MessageChannel::SendAndWait] Error: Channel error: cannot send/recv

	addons.xpi	DEBUG	Notifying XPI shutdown observers
1513954578606	addons.manager	DEBUG	Async provider shutdown done
1513954578959	Marionette	INFO	Ceased listening

###!!! [Child][MessageChannel::SendAndWait] Error: Channel error: cannot send/recv

blocker for GMPProvider
1513954087980	addons.manager	DEBUG	Calling shutdown blocker for PluginProvider
1513954087981	addons.manager	DEBUG	Calling shutdown blocker for <unnamed-provider>
1513954087985	addons.manager	DEBUG	Calling shutdown blocker for PreviousExperimentProvider
1513954087991	addons.xpi	DEBUG	Notifying XPI shutdown observers
1513954088002	addons.manager	DEBUG	Async provider shutdown done
1513954089059	Marionette	INFO	Ceased listening

###!!! [Child][MessageChannel::SendAndWait] Error: Channel error: cannot send/recv

ng timer registration for id: telemetry_modules_ping
1513922790396	geckodriver	INFO	Listening on 127.0.0.1:34419
1513922791412	mozprofile::profile	INFO	Using profile path /tmp/rust_mozprofile.cJD0vpzLrj67
1513922791414	geckodriver::marionette	INFO	Starting browser /usr/bin/firefox
1513922791420	geckodriver::marionette	INFO	Connecting to Marionette on localhost:39630
1513922792869	Marionette	INFO	Enabled via --marionette
1513922797206	Marionette	INFO	Listening on port 39630
1513922797395	Marionette	DEBUG	Register listener.js for window 2147483649
1513922797628	Marionette	DEBUG	Received DOM event "beforeunload" for "about:blank"
1513922798178	Marionette	DEBUG	Received DOM event "pagehide" for "about:blank"
1513922798179	Marionette	DEBUG	Received DOM event "unload" for "about:blank"
1513922798585	Marionette	DEBUG	Received DOM event "DOMContentLoaded" for "https://web.whatsapp.com/"
1513922802665	Marionette	DEBUG	Received DOM event "pageshow" for "https://web.whatsapp.com/"
1513922804207	Marionette	DEBUG	Received DOM event "beforeunload" for "https://web.whatsapp.com/"
1513922804656	Marionette	DEBUG	Received DOM event "pagehide" for "https://web.whatsapp.com/"
1513922804659	Marionette	DEBUG	Received DOM event "unload" for "https://web.whatsapp.com/"
1513922804902	Marionette	DEBUG	Received DOM event "DOMContentLoaded" for "https://web.whatsapp.com/"
1513922808012	Marionette	DEBUG	Received DOM event "pageshow" for "https://web.whatsapp.com/"
JavaScript error: , line 0: uncaught exception: No ServiceWorker controlling this client.
JavaScript error: , line 0: uncaught exception: No ServiceWorker controlling this client.
